# JRE version: OpenJDK Runtime Environment Temurin-21.0.9+10 (21.0.9+10) (build 21.0.9+10-LTS)
# Java VM: OpenJDK 64-Bit Server VM Temurin-21.0.9+10 (21.0.9+10-LTS, mixed mode, sharing, tiered, compressed oops, compressed class ptrs, parallel gc, windows-amd64)
GC Precious Log:
 CardTable entry size: 512
 CPUs: 8 total, 8 available
 Memory: 8023M
 Large Page Support: Disabled
 NUMA Support: Disabled
 Compressed Oops: Enabled (32-bit)
 Alignments: Space 512K, Generation 512K, Heap 2M
 Heap Min Capacity: 100M
 Heap Initial Capacity: 100M
 Heap Max Capacity: 2G
 Pre-touch: Disabled
 Parallel Workers: 8
Heap:
 PSYoungGen      total 15872K, used 13893K [0x00000000d5580000, 0x00000000d6880000, 0x0000000100000000)
  eden space 15360K, 87% used [0x00000000d5580000,0x00000000d62a9540,0x00000000d6480000)
  from space 512K, 81% used [0x00000000d6800000,0x00000000d6868000,0x00000000d6880000)
  to   space 1536K, 0% used [0x00000000d6580000,0x00000000d6580000,0x00000000d6700000)
 ParOldGen       total 68608K, used 49848K [0x0000000080000000, 0x0000000084300000, 0x00000000d5580000)
  object space 68608K, 72% used [0x0000000080000000,0x00000000830ae0e8,0x0000000084300000)
 Metaspace       used 65473K, committed 67072K, reserved 1114112K
  class space    used 7094K, committed 7808K, reserved 1048576K
GC Heap History (20 events):
Event: 38.210 GC heap before
{Heap before GC invocations=36 (full 3):
 PSYoungGen      total 22528K, used 22016K [0x00000000d5580000, 0x00000000d6e00000, 0x0000000100000000)
  eden space 22016K, 100% used [0x00000000d5580000,0x00000000d6b00000,0x00000000d6b00000)
  from space 512K, 0% used [0x00000000d6d80000,0x00000000d6d80000,0x00000000d6e00000)
  to   space 1024K, 0% used [0x00000000d6c00000,0x00000000d6c00000,0x00000000d6d00000)
 ParOldGen       total 68608K, used 38732K [0x0000000080000000, 0x0000000084300000, 0x00000000d5580000)
  object space 68608K, 56% used [0x0000000080000000,0x00000000825d3118,0x0000000084300000)
 Metaspace       used 58663K, committed 60032K, reserved 1114112K
  class space    used 6374K, committed 6976K, reserved 1048576K
}
Event: 38.212 GC heap after
{Heap after GC invocations=36 (full 3):
 PSYoungGen      total 23040K, used 1008K [0x00000000d5580000, 0x00000000d6e00000, 0x0000000100000000)
  eden space 22016K, 0% used [0x00000000d5580000,0x00000000d5580000,0x00000000d6b00000)
  from space 1024K, 98% used [0x00000000d6c00000,0x00000000d6cfc0b8,0x00000000d6d00000)
  to   space 1024K, 0% used [0x00000000d6d00000,0x00000000d6d00000,0x00000000d6e00000)
 ParOldGen       total 68608K, used 38740K [0x0000000080000000, 0x0000000084300000, 0x00000000d5580000)
  object space 68608K, 56% used [0x0000000080000000,0x00000000825d5118,0x0000000084300000)
 Metaspace       used 58663K, committed 60032K, reserved 1114112K
  class space    used 6374K, committed 6976K, reserved 1048576K
}
Event: 38.303 GC heap before
{Heap before GC invocations=37 (full 3):
 PSYoungGen      total 23040K, used 23024K [0x00000000d5580000, 0x00000000d6e00000, 0x0000000100000000)
  eden space 22016K, 100% used [0x00000000d5580000,0x00000000d6b00000,0x00000000d6b00000)
  from space 1024K, 98% used [0x00000000d6c00000,0x00000000d6cfc0b8,0x00000000d6d00000)
  to   space 1024K, 0% used [0x00000000d6d00000,0x00000000d6d00000,0x00000000d6e00000)
 ParOldGen       total 68608K, used 38740K [0x0000000080000000, 0x0000000084300000, 0x00000000d5580000)
  object space 68608K, 56% used [0x0000000080000000,0x00000000825d5118,0x0000000084300000)
 Metaspace       used 58751K, committed 60096K, reserved 1114112K
  class space    used 6381K, committed 6976K, reserved 1048576K
}
Event: 38.305 GC heap after
{Heap after GC invocations=37 (full 3):
 PSYoungGen      total 23040K, used 871K [0x00000000d5580000, 0x00000000d6e00000, 0x0000000100000000)
  eden space 22016K, 0% used [0x00000000d5580000,0x00000000d5580000,0x00000000d6b00000)
  from space 1024K, 85% used [0x00000000d6d00000,0x00000000d6dd9f20,0x00000000d6e00000)
  to   space 1024K, 0% used [0x00000000d6c00000,0x00000000d6c00000,0x00000000d6d00000)
 ParOldGen       total 68608K, used 39538K [0x0000000080000000, 0x0000000084300000, 0x00000000d5580000)
  object space 68608K, 57% used [0x0000000080000000,0x000000008269cbe0,0x0000000084300000)
 Metaspace       used 58751K, committed 60096K, reserved 1114112K
  class space    used 6381K, committed 6976K, reserved 1048576K
}
Event: 38.395 GC heap before
{Heap before GC invocations=38 (full 3):
 PSYoungGen      total 23040K, used 22887K [0x00000000d5580000, 0x00000000d6e00000, 0x0000000100000000)
  eden space 22016K, 100% used [0x00000000d5580000,0x00000000d6b00000,0x00000000d6b00000)
  from space 1024K, 85% used [0x00000000d6d00000,0x00000000d6dd9f20,0x00000000d6e00000)
  to   space 1024K, 0% used [0x00000000d6c00000,0x00000000d6c00000,0x00000000d6d00000)
 ParOldGen       total 68608K, used 39538K [0x0000000080000000, 0x0000000084300000, 0x00000000d5580000)
  object space 68608K, 57% used [0x0000000080000000,0x000000008269cbe0,0x0000000084300000)
 Metaspace       used 58918K, committed 60288K, reserved 1114112K
  class space    used 6399K, committed 6976K, reserved 1048576K
}
Event: 38.397 GC heap after
{Heap after GC invocations=38 (full 3):
 PSYoungGen      total 23040K, used 768K [0x00000000d5580000, 0x00000000d6d80000, 0x0000000100000000)
  eden space 22016K, 0% used [0x00000000d5580000,0x00000000d5580000,0x00000000d6b00000)
  from space 1024K, 75% used [0x00000000d6c00000,0x00000000d6cc0020,0x00000000d6d00000)
  to   space 512K, 0% used [0x00000000d6d00000,0x00000000d6d00000,0x00000000d6d80000)
 ParOldGen       total 68608K, used 40306K [0x0000000080000000, 0x0000000084300000, 0x00000000d5580000)
  object space 68608K, 58% used [0x0000000080000000,0x000000008275cb68,0x0000000084300000)
 Metaspace       used 58918K, committed 60288K, reserved 1114112K
  class space    used 6399K, committed 6976K, reserved 1048576K
}
Event: 38.459 GC heap before
{Heap before GC invocations=39 (full 3):
 PSYoungGen      total 23040K, used 22784K [0x00000000d5580000, 0x00000000d6d80000, 0x0000000100000000)
  eden space 22016K, 99% used [0x00000000d5580000,0x00000000d6afffe8,0x00000000d6b00000)
  from space 1024K, 75% used [0x00000000d6c00000,0x00000000d6cc0020,0x00000000d6d00000)
  to   space 512K, 0% used [0x00000000d6d00000,0x00000000d6d00000,0x00000000d6d80000)
 ParOldGen       total 68608K, used 40306K [0x0000000080000000, 0x0000000084300000, 0x00000000d5580000)
  object space 68608K, 58% used [0x0000000080000000,0x000000008275cb68,0x0000000084300000)
 Metaspace       used 59089K, committed 60416K, reserved 1114112K
  class space    used 6411K, committed 6976K, reserved 1048576K
}
Event: 38.461 GC heap after
{Heap after GC invocations=39 (full 3):
 PSYoungGen      total 22528K, used 512K [0x00000000d5580000, 0x00000000d6d80000, 0x0000000100000000)
  eden space 22016K, 0% used [0x00000000d5580000,0x00000000d5580000,0x00000000d6b00000)
  from space 512K, 100% used [0x00000000d6d00000,0x00000000d6d80000,0x00000000d6d80000)
  to   space 1024K, 0% used [0x00000000d6b80000,0x00000000d6b80000,0x00000000d6c80000)
 ParOldGen       total 68608K, used 40740K [0x0000000080000000, 0x0000000084300000, 0x00000000d5580000)
  object space 68608K, 59% used [0x0000000080000000,0x00000000827c92f8,0x0000000084300000)
 Metaspace       used 59089K, committed 60416K, reserved 1114112K
  class space    used 6411K, committed 6976K, reserved 1048576K
}
Event: 38.535 GC heap before
{Heap before GC invocations=40 (full 3):
 PSYoungGen      total 22528K, used 22528K [0x00000000d5580000, 0x00000000d6d80000, 0x0000000100000000)
  eden space 22016K, 100% used [0x00000000d5580000,0x00000000d6b00000,0x00000000d6b00000)
  from space 512K, 100% used [0x00000000d6d00000,0x00000000d6d80000,0x00000000d6d80000)
  to   space 1024K, 0% used [0x00000000d6b80000,0x00000000d6b80000,0x00000000d6c80000)
 ParOldGen       total 68608K, used 40740K [0x0000000080000000, 0x0000000084300000, 0x00000000d5580000)
  object space 68608K, 59% used [0x0000000080000000,0x00000000827c92f8,0x0000000084300000)
 Metaspace       used 59454K, committed 60928K, reserved 1114112K
  class space    used 6440K, committed 7104K, reserved 1048576K
}
Event: 38.537 GC heap after
{Heap after GC invocations=40 (full 3):
 PSYoungGen      total 23040K, used 480K [0x00000000d5580000, 0x00000000d6d80000, 0x0000000100000000)
  eden space 22016K, 0% used [0x00000000d5580000,0x00000000d5580000,0x00000000d6b00000)
  from space 1024K, 46% used [0x00000000d6b80000,0x00000000d6bf8000,0x00000000d6c80000)
  to   space 1024K, 0% used [0x00000000d6c80000,0x00000000d6c80000,0x00000000d6d80000)
 ParOldGen       total 68608K, used 40908K [0x0000000080000000, 0x0000000084300000, 0x00000000d5580000)
  object space 68608K, 59% used [0x0000000080000000,0x00000000827f32f8,0x0000000084300000)
 Metaspace       used 59454K, committed 60928K, reserved 1114112K
  class space    used 6440K, committed 7104K, reserved 1048576K
}
Event: 38.971 GC heap before
{Heap before GC invocations=41 (full 3):
 PSYoungGen      total 23040K, used 22496K [0x00000000d5580000, 0x00000000d6d80000, 0x0000000100000000)
  eden space 22016K, 100% used [0x00000000d5580000,0x00000000d6b00000,0x00000000d6b00000)
  from space 1024K, 46% used [0x00000000d6b80000,0x00000000d6bf8000,0x00000000d6c80000)
  to   space 1024K, 0% used [0x00000000d6c80000,0x00000000d6c80000,0x00000000d6d80000)
 ParOldGen       total 68608K, used 40908K [0x0000000080000000, 0x0000000084300000, 0x00000000d5580000)
  object space 68608K, 59% used [0x0000000080000000,0x00000000827f32f8,0x0000000084300000)
 Metaspace       used 60650K, committed 62144K, reserved 1114112K
  class space    used 6574K, committed 7232K, reserved 1048576K
}
Event: 38.975 GC heap after
{Heap after GC invocations=41 (full 3):
 PSYoungGen      total 20480K, used 1019K [0x00000000d5580000, 0x00000000d7300000, 0x0000000100000000)
  eden space 19456K, 0% used [0x00000000d5580000,0x00000000d5580000,0x00000000d6880000)
  from space 1024K, 99% used [0x00000000d6c80000,0x00000000d6d7edf8,0x00000000d6d80000)
  to   space 4096K, 0% used [0x00000000d6880000,0x00000000d6880000,0x00000000d6c80000)
 ParOldGen       total 68608K, used 43389K [0x0000000080000000, 0x0000000084300000, 0x00000000d5580000)
  object space 68608K, 63% used [0x0000000080000000,0x0000000082a5f5a8,0x0000000084300000)
 Metaspace       used 60650K, committed 62144K, reserved 1114112K
  class space    used 6574K, committed 7232K, reserved 1048576K
}
Event: 39.325 GC heap before
{Heap before GC invocations=42 (full 3):
 PSYoungGen      total 20480K, used 20475K [0x00000000d5580000, 0x00000000d7300000, 0x0000000100000000)
  eden space 19456K, 100% used [0x00000000d5580000,0x00000000d6880000,0x00000000d6880000)
  from space 1024K, 99% used [0x00000000d6c80000,0x00000000d6d7edf8,0x00000000d6d80000)
  to   space 4096K, 0% used [0x00000000d6880000,0x00000000d6880000,0x00000000d6c80000)
 ParOldGen       total 68608K, used 43389K [0x0000000080000000, 0x0000000084300000, 0x00000000d5580000)
  object space 68608K, 63% used [0x0000000080000000,0x0000000082a5f5a8,0x0000000084300000)
 Metaspace       used 62661K, committed 64128K, reserved 1114112K
  class space    used 6785K, committed 7424K, reserved 1048576K
}
Event: 39.330 GC heap after
{Heap after GC invocations=42 (full 3):
 PSYoungGen      total 21504K, used 1843K [0x00000000d5580000, 0x00000000d6d80000, 0x0000000100000000)
  eden space 19456K, 0% used [0x00000000d5580000,0x00000000d5580000,0x00000000d6880000)
  from space 2048K, 89% used [0x00000000d6880000,0x00000000d6a4cc70,0x00000000d6a80000)
  to   space 2560K, 0% used [0x00000000d6b00000,0x00000000d6b00000,0x00000000d6d80000)
 ParOldGen       total 68608K, used 44376K [0x0000000080000000, 0x0000000084300000, 0x00000000d5580000)
  object space 68608K, 64% used [0x0000000080000000,0x0000000082b561c8,0x0000000084300000)
 Metaspace       used 62661K, committed 64128K, reserved 1114112K
  class space    used 6785K, committed 7424K, reserved 1048576K
}
Event: 39.514 GC heap before
{Heap before GC invocations=43 (full 3):
 PSYoungGen      total 21504K, used 21072K [0x00000000d5580000, 0x00000000d6d80000, 0x0000000100000000)
  eden space 19456K, 98% used [0x00000000d5580000,0x00000000d6847710,0x00000000d6880000)
  from space 2048K, 89% used [0x00000000d6880000,0x00000000d6a4cc70,0x00000000d6a80000)
  to   space 2560K, 0% used [0x00000000d6b00000,0x00000000d6b00000,0x00000000d6d80000)
 ParOldGen       total 68608K, used 44376K [0x0000000080000000, 0x0000000084300000, 0x00000000d5580000)
  object space 68608K, 64% used [0x0000000080000000,0x0000000082b561c8,0x0000000084300000)
 Metaspace       used 63172K, committed 64704K, reserved 1114112K
  class space    used 6815K, committed 7488K, reserved 1048576K
}
Event: 39.518 GC heap after
{Heap after GC invocations=43 (full 3):
 PSYoungGen      total 17920K, used 2558K [0x00000000d5580000, 0x00000000d7580000, 0x0000000100000000)
  eden space 15360K, 0% used [0x00000000d5580000,0x00000000d5580000,0x00000000d6480000)
  from space 2560K, 99% used [0x00000000d6b00000,0x00000000d6d7f8f8,0x00000000d6d80000)
  to   space 6656K, 0% used [0x00000000d6480000,0x00000000d6480000,0x00000000d6b00000)
 ParOldGen       total 68608K, used 47404K [0x0000000080000000, 0x0000000084300000, 0x00000000d5580000)
  object space 68608K, 69% used [0x0000000080000000,0x0000000082e4b0b0,0x0000000084300000)
 Metaspace       used 63172K, committed 64704K, reserved 1114112K
  class space    used 6815K, committed 7488K, reserved 1048576K
}
Event: 39.715 GC heap before
{Heap before GC invocations=44 (full 3):
 PSYoungGen      total 17920K, used 17918K [0x00000000d5580000, 0x00000000d7580000, 0x0000000100000000)
  eden space 15360K, 100% used [0x00000000d5580000,0x00000000d6480000,0x00000000d6480000)
  from space 2560K, 99% used [0x00000000d6b00000,0x00000000d6d7f8f8,0x00000000d6d80000)
  to   space 6656K, 0% used [0x00000000d6480000,0x00000000d6480000,0x00000000d6b00000)
 ParOldGen       total 68608K, used 47404K [0x0000000080000000, 0x0000000084300000, 0x00000000d5580000)
  object space 68608K, 69% used [0x0000000080000000,0x0000000082e4b0b0,0x0000000084300000)
 Metaspace       used 63914K, committed 65408K, reserved 1114112K
  class space    used 6888K, committed 7552K, reserved 1048576K
}
Event: 39.719 GC heap after
{Heap after GC invocations=44 (full 3):
 PSYoungGen      total 17920K, used 2249K [0x00000000d5580000, 0x00000000d6b80000, 0x0000000100000000)
  eden space 15360K, 0% used [0x00000000d5580000,0x00000000d5580000,0x00000000d6480000)
  from space 2560K, 87% used [0x00000000d6480000,0x00000000d66b24e8,0x00000000d6700000)
  to   space 3584K, 0% used [0x00000000d6800000,0x00000000d6800000,0x00000000d6b80000)
 ParOldGen       total 68608K, used 47822K [0x0000000080000000, 0x0000000084300000, 0x00000000d5580000)
  object space 68608K, 69% used [0x0000000080000000,0x0000000082eb3ae8,0x0000000084300000)
 Metaspace       used 63914K, committed 65408K, reserved 1114112K
  class space    used 6888K, committed 7552K, reserved 1048576K
}
Event: 39.946 GC heap before
{Heap before GC invocations=45 (full 3):
 PSYoungGen      total 17920K, used 17609K [0x00000000d5580000, 0x00000000d6b80000, 0x0000000100000000)
  eden space 15360K, 100% used [0x00000000d5580000,0x00000000d6480000,0x00000000d6480000)
  from space 2560K, 87% used [0x00000000d6480000,0x00000000d66b24e8,0x00000000d6700000)
  to   space 3584K, 0% used [0x00000000d6800000,0x00000000d6800000,0x00000000d6b80000)
 ParOldGen       total 68608K, used 47822K [0x0000000080000000, 0x0000000084300000, 0x00000000d5580000)
  object space 68608K, 69% used [0x0000000080000000,0x0000000082eb3ae8,0x0000000084300000)
 Metaspace       used 65048K, committed 66624K, reserved 1114112K
  class space    used 7034K, committed 7744K, reserved 1048576K
}
Event: 39.949 GC heap after
{Heap after GC invocations=45 (full 3):
 PSYoungGen      total 15872K, used 416K [0x00000000d5580000, 0x00000000d6880000, 0x0000000100000000)
  eden space 15360K, 0% used [0x00000000d5580000,0x00000000d5580000,0x00000000d6480000)
  from space 512K, 81% used [0x00000000d6800000,0x00000000d6868000,0x00000000d6880000)
  to   space 1536K, 0% used [0x00000000d6580000,0x00000000d6580000,0x00000000d6700000)
 ParOldGen       total 68608K, used 49848K [0x0000000080000000, 0x0000000084300000, 0x00000000d5580000)
  object space 68608K, 72% used [0x0000000080000000,0x00000000830ae0e8,0x0000000084300000)
 Metaspace       used 65048K, committed 66624K, reserved 1114112K
  class space    used 7034K, committed 7744K, reserved 1048576K
}

